# JRE version: Java(TM) SE Runtime Environment (8.0_251-b08) (build 1.8.0_251-b08)
# Java VM: Java HotSpot(TM) 64-Bit Server VM (25.251-b08 mixed mode windows-amd64 compressed oops)
Heap:
 PSYoungGen      total 272896K, used 170113K [0x000000076b000000, 0x0000000785700000, 0x00000007c0000000)
  eden space 262144K, 64% used [0x000000076b000000,0x00000007756206d8,0x000000077b000000)
  from space 10752K, 0% used [0x000000077b000000,0x000000077b000000,0x000000077ba80000)
  to   space 14848K, 0% used [0x0000000784880000,0x0000000784880000,0x0000000785700000)
 ParOldGen       total 175616K, used 19840K [0x00000006c1000000, 0x00000006cbb80000, 0x000000076b000000)
  object space 175616K, 11% used [0x00000006c1000000,0x00000006c2360318,0x00000006cbb80000)
 Metaspace       used 53599K, capacity 56292K, committed 56408K, reserved 1097728K
  class space    used 7203K, capacity 7666K, committed 7768K, reserved 1048576K
GC Heap History (10 events):
Event: 0.976 GC heap before
{Heap before GC invocations=3 (full 0):
 PSYoungGen      total 141824K, used 138449K [0x000000076b000000, 0x0000000774500000, 0x00000007c0000000)
  eden space 131072K, 100% used [0x000000076b000000,0x0000000773000000,0x0000000773000000)
  from space 10752K, 68% used [0x0000000773a80000,0x00000007741b4790,0x0000000774500000)
  to   space 10752K, 0% used [0x0000000773000000,0x0000000773000000,0x0000000773a80000)
 ParOldGen       total 175104K, used 3680K [0x00000006c1000000, 0x00000006cbb00000, 0x000000076b000000)
  object space 175104K, 2% used [0x00000006c1000000,0x00000006c1398260,0x00000006cbb00000)
 Metaspace       used 19277K, capacity 19982K, committed 20096K, reserved 1067008K
  class space    used 2409K, capacity 2581K, committed 2688K, reserved 1048576K
Event: 0.981 GC heap after
Heap after GC invocations=3 (full 0):
 PSYoungGen      total 141824K, used 6510K [0x000000076b000000, 0x000000077c500000, 0x00000007c0000000)
  eden space 131072K, 0% used [0x000000076b000000,0x000000076b000000,0x0000000773000000)
  from space 10752K, 60% used [0x0000000773000000,0x000000077365bb58,0x0000000773a80000)
  to   space 10752K, 0% used [0x000000077ba80000,0x000000077ba80000,0x000000077c500000)
 ParOldGen       total 175104K, used 3688K [0x00000006c1000000, 0x00000006cbb00000, 0x000000076b000000)
  object space 175104K, 2% used [0x00000006c1000000,0x00000006c139a260,0x00000006cbb00000)
 Metaspace       used 19277K, capacity 19982K, committed 20096K, reserved 1067008K
  class space    used 2409K, capacity 2581K, committed 2688K, reserved 1048576K
}
Event: 1.109 GC heap before
{Heap before GC invocations=4 (full 0):
 PSYoungGen      total 141824K, used 123924K [0x000000076b000000, 0x000000077c500000, 0x00000007c0000000)
  eden space 131072K, 89% used [0x000000076b000000,0x00000007722a9800,0x0000000773000000)
  from space 10752K, 60% used [0x0000000773000000,0x000000077365bb58,0x0000000773a80000)
  to   space 10752K, 0% used [0x000000077ba80000,0x000000077ba80000,0x000000077c500000)
 ParOldGen       total 175104K, used 3688K [0x00000006c1000000, 0x00000006cbb00000, 0x000000076b000000)
  object space 175104K, 2% used [0x00000006c1000000,0x00000006c139a260,0x00000006cbb00000)
 Metaspace       used 20366K, capacity 21116K, committed 21248K, reserved 1067008K
  class space    used 2539K, capacity 2732K, committed 2816K, reserved 1048576K
Event: 1.113 GC heap after
Heap after GC invocations=4 (full 0):
 PSYoungGen      total 272896K, used 6429K [0x000000076b000000, 0x000000077c500000, 0x00000007c0000000)
  eden space 262144K, 0% used [0x000000076b000000,0x000000076b000000,0x000000077b000000)
  from space 10752K, 59% used [0x000000077ba80000,0x000000077c0c77e8,0x000000077c500000)
  to   space 10752K, 0% used [0x000000077b000000,0x000000077b000000,0x000000077ba80000)
 ParOldGen       total 175104K, used 3696K [0x00000006c1000000, 0x00000006cbb00000, 0x000000076b000000)
  object space 175104K, 2% used [0x00000006c1000000,0x00000006c139c260,0x00000006cbb00000)
 Metaspace       used 20366K, capacity 21116K, committed 21248K, reserved 1067008K
  class space    used 2539K, capacity 2732K, committed 2816K, reserved 1048576K
}
Event: 1.113 GC heap before
{Heap before GC invocations=5 (full 1):
 PSYoungGen      total 272896K, used 6429K [0x000000076b000000, 0x000000077c500000, 0x00000007c0000000)
  eden space 262144K, 0% used [0x000000076b000000,0x000000076b000000,0x000000077b000000)
  from space 10752K, 59% used [0x000000077ba80000,0x000000077c0c77e8,0x000000077c500000)
  to   space 10752K, 0% used [0x000000077b000000,0x000000077b000000,0x000000077ba80000)
 ParOldGen       total 175104K, used 3696K [0x00000006c1000000, 0x00000006cbb00000, 0x000000076b000000)
  object space 175104K, 2% used [0x00000006c1000000,0x00000006c139c260,0x00000006cbb00000)
 Metaspace       used 20366K, capacity 21116K, committed 21248K, reserved 1067008K
  class space    used 2539K, capacity 2732K, committed 2816K, reserved 1048576K
Event: 1.130 GC heap after
Heap after GC invocations=5 (full 1):
 PSYoungGen      total 272896K, used 0K [0x000000076b000000, 0x000000077c500000, 0x00000007c0000000)
  eden space 262144K, 0% used [0x000000076b000000,0x000000076b000000,0x000000077b000000)
  from space 10752K, 0% used [0x000000077ba80000,0x000000077ba80000,0x000000077c500000)
  to   space 10752K, 0% used [0x000000077b000000,0x000000077b000000,0x000000077ba80000)
 ParOldGen       total 100352K, used 6342K [0x00000006c1000000, 0x00000006c7200000, 0x000000076b000000)
  object space 100352K, 6% used [0x00000006c1000000,0x00000006c1631810,0x00000006c7200000)
 Metaspace       used 20365K, capacity 21110K, committed 21248K, reserved 1067008K
  class space    used 2539K, capacity 2731K, committed 2816K, reserved 1048576K
}
Event: 2.360 GC heap before
{Heap before GC invocations=6 (full 1):
 PSYoungGen      total 272896K, used 185472K [0x000000076b000000, 0x000000077c500000, 0x00000007c0000000)
  eden space 262144K, 70% used [0x000000076b000000,0x00000007765203e0,0x000000077b000000)
  from space 10752K, 0% used [0x000000077ba80000,0x000000077ba80000,0x000000077c500000)
  to   space 10752K, 0% used [0x000000077b000000,0x000000077b000000,0x000000077ba80000)
 ParOldGen       total 100352K, used 6342K [0x00000006c1000000, 0x00000006c7200000, 0x000000076b000000)
  object space 100352K, 6% used [0x00000006c1000000,0x00000006c1631810,0x00000006c7200000)
 Metaspace       used 33556K, capacity 35344K, committed 35416K, reserved 1079296K
  class space    used 4319K, capacity 4654K, committed 4696K, reserved 1048576K
Event: 2.373 GC heap after
Heap after GC invocations=6 (full 1):
 PSYoungGen      total 272896K, used 10728K [0x000000076b000000, 0x0000000785700000, 0x00000007c0000000)
  eden space 262144K, 0% used [0x000000076b000000,0x000000076b000000,0x000000077b000000)
  from space 10752K, 99% used [0x000000077b000000,0x000000077ba7a1d0,0x000000077ba80000)
  to   space 14848K, 0% used [0x0000000784880000,0x0000000784880000,0x0000000785700000)
 ParOldGen       total 100352K, used 11094K [0x00000006c1000000, 0x00000006c7200000, 0x000000076b000000)
  object space 100352K, 11% used [0x00000006c1000000,0x00000006c1ad5b70,0x00000006c7200000)
 Metaspace       used 33556K, capacity 35344K, committed 35416K, reserved 1079296K
  class space    used 4319K, capacity 4654K, committed 4696K, reserved 1048576K
}
Event: 2.373 GC heap before
{Heap before GC invocations=7 (full 2):
 PSYoungGen      total 272896K, used 10728K [0x000000076b000000, 0x0000000785700000, 0x00000007c0000000)
  eden space 262144K, 0% used [0x000000076b000000,0x000000076b000000,0x000000077b000000)
  from space 10752K, 99% used [0x000000077b000000,0x000000077ba7a1d0,0x000000077ba80000)
  to   space 14848K, 0% used [0x0000000784880000,0x0000000784880000,0x0000000785700000)
 ParOldGen       total 100352K, used 11094K [0x00000006c1000000, 0x00000006c7200000, 0x000000076b000000)
  object space 100352K, 11% used [0x00000006c1000000,0x00000006c1ad5b70,0x00000006c7200000)
 Metaspace       used 33556K, capacity 35344K, committed 35416K, reserved 1079296K
  class space    used 4319K, capacity 4654K, committed 4696K, reserved 1048576K
Event: 2.429 GC heap after
Heap after GC invocations=7 (full 2):
 PSYoungGen      total 272896K, used 0K [0x000000076b000000, 0x0000000785700000, 0x00000007c0000000)
  eden space 262144K, 0% used [0x000000076b000000,0x000000076b000000,0x000000077b000000)
  from space 10752K, 0% used [0x000000077b000000,0x000000077b000000,0x000000077ba80000)
  to   space 14848K, 0% used [0x0000000784880000,0x0000000784880000,0x0000000785700000)
 ParOldGen       total 175616K, used 19840K [0x00000006c1000000, 0x00000006cbb80000, 0x000000076b000000)
  object space 175616K, 11% used [0x00000006c1000000,0x00000006c2360318,0x00000006cbb80000)
 Metaspace       used 33556K, capacity 35344K, committed 35416K, reserved 1079296K
  class space    used 4319K, capacity 4654K, committed 4696K, reserved 1048576K
}

